2021-12-02 09:25:53,154 - testcase - INFO - 获取测试数据
2021-12-02 09:26:03,283 - BasePage - INFO - find the element successful
2021-12-02 09:26:03,454 - BasePage - INFO - type tynam123 in inputbox
2021-12-02 09:26:03,467 - BasePage - INFO - find the element successful
2021-12-02 09:26:03,531 - BasePage - INFO - find the element successful
2021-12-02 09:26:08,738 - BasePage - INFO - find the element successful
2021-12-02 09:26:08,830 - BasePage - INFO - type ad min@tynam.com in inputbox
2021-12-02 09:26:08,838 - BasePage - INFO - find the element successful
2021-12-02 09:26:08,901 - BasePage - INFO - type tynam123 in inputbox
2021-12-02 09:26:08,909 - BasePage - INFO - find the element successful
2021-12-02 09:26:08,959 - BasePage - INFO - find the element successful
2021-12-02 09:26:14,200 - BasePage - INFO - find the element successful
2021-12-02 09:26:14,290 - BasePage - INFO - type admin@tynam.com in inputbox
2021-12-02 09:26:14,306 - BasePage - INFO - find the element successful
2021-12-02 09:26:14,370 - BasePage - INFO - find the element successful
2021-12-02 09:26:19,593 - BasePage - INFO - find the element successful
2021-12-02 09:26:19,689 - BasePage - INFO - type admin@tynam.com in inputbox
2021-12-02 09:26:19,701 - BasePage - INFO - find the element successful
2021-12-02 09:26:19,752 - BasePage - INFO - type 1 in inputbox
2021-12-02 09:26:19,759 - BasePage - INFO - find the element successful
2021-12-02 09:26:19,818 - BasePage - INFO - find the element successful
2021-12-02 09:26:25,069 - BasePage - INFO - find the element successful
2021-12-02 09:26:25,206 - BasePage - INFO - type admin@tynam.com in inputbox
2021-12-02 09:26:25,213 - BasePage - INFO - find the element successful
2021-12-02 09:26:25,275 - BasePage - INFO - type 111111 in inputbox
2021-12-02 09:26:25,284 - BasePage - INFO - find the element successful
2021-12-02 09:26:30,776 - BasePage - INFO - find the element successful
2021-12-02 09:26:30,863 - BasePage - INFO - type admin1@tynam.com in inputbox
2021-12-02 09:26:30,875 - BasePage - INFO - find the element successful
2021-12-02 09:26:30,937 - BasePage - INFO - type tynam123 in inputbox
2021-12-02 09:26:30,950 - BasePage - INFO - find the element successful
2021-12-02 09:26:36,179 - BasePage - INFO - find the element successful
2021-12-02 09:26:36,242 - BasePage - INFO - type admin@tynam.com in inputbox
2021-12-02 09:26:36,250 - BasePage - INFO - find the element successful
2021-12-02 09:26:36,303 - BasePage - INFO - type tynam123 in inputbox
2021-12-02 09:26:36,311 - BasePage - INFO - find the element successful
2021-12-02 09:26:36,403 - BasePage - INFO - find the element successful
2021-12-02 09:26:51,474 - BasePage - INFO - find the element successful
2021-12-02 09:26:51,588 - BasePage - INFO - type admin@tynam.com in inputbox
2021-12-02 09:26:51,608 - BasePage - INFO - find the element successful
2021-12-02 09:26:51,694 - BasePage - INFO - type tynam123 in inputbox
2021-12-02 09:26:51,708 - BasePage - INFO - find the element successful
2021-12-02 09:26:51,812 - BasePage - INFO - find the element successful
2021-12-02 09:26:52,888 - BasePage - INFO - find the element successful
2021-12-02 09:26:52,961 - BasePage - INFO - type 1001 in inputbox
2021-12-02 09:26:52,976 - BasePage - INFO - find the element successful
2021-12-02 09:26:53,044 - BasePage - INFO - type lily in inputbox
2021-12-02 09:26:53,061 - BasePage - INFO - find the element successful
2021-12-02 09:26:53,117 - BasePage - INFO - type Female in inputbox
2021-12-02 09:26:53,131 - BasePage - INFO - find the element successful
2021-12-02 09:26:53,188 - BasePage - INFO - type 一年级二班 in inputbox
2021-12-02 09:26:56,267 - BasePage - INFO - find the element successful
2021-12-02 09:27:08,911 - sendEmail - ERROR - error；无法发送邮件
2021-12-02 09:41:28,958 - testcase - INFO - 获取测试数据
2021-12-02 09:41:39,137 - BasePage - INFO - find the element successful
2021-12-02 09:41:39,206 - BasePage - INFO - type tynam123 in inputbox
2021-12-02 09:41:39,222 - BasePage - INFO - find the element successful
2021-12-02 09:41:39,282 - BasePage - INFO - find the element successful
2021-12-02 09:41:41,480 - BasePage - INFO - find the element successful
2021-12-02 09:41:41,545 - BasePage - INFO - type ad min@tynam.com in inputbox
2021-12-02 09:41:41,552 - BasePage - INFO - find the element successful
2021-12-02 09:41:41,598 - BasePage - INFO - type tynam123 in inputbox
2021-12-02 09:41:41,605 - BasePage - INFO - find the element successful
2021-12-02 09:41:41,654 - BasePage - INFO - find the element successful
2021-12-02 09:41:43,762 - BasePage - INFO - find the element successful
2021-12-02 09:41:43,823 - BasePage - INFO - type admin@tynam.com in inputbox
2021-12-02 09:41:43,831 - BasePage - INFO - find the element successful
2021-12-02 09:41:43,883 - BasePage - INFO - find the element successful
2021-12-02 09:41:45,987 - BasePage - INFO - find the element successful
2021-12-02 09:41:46,049 - BasePage - INFO - type admin@tynam.com in inputbox
2021-12-02 09:41:46,057 - BasePage - INFO - find the element successful
2021-12-02 09:41:46,099 - BasePage - INFO - type 1 in inputbox
2021-12-02 09:41:46,105 - BasePage - INFO - find the element successful
2021-12-02 09:41:46,152 - BasePage - INFO - find the element successful
2021-12-02 09:41:48,277 - BasePage - INFO - find the element successful
2021-12-02 09:41:48,364 - BasePage - INFO - type admin@tynam.com in inputbox
2021-12-02 09:41:48,376 - BasePage - INFO - find the element successful
2021-12-02 09:41:48,448 - BasePage - INFO - type 111111 in inputbox
2021-12-02 09:41:48,460 - BasePage - INFO - find the element successful
2021-12-02 09:41:50,659 - BasePage - INFO - find the element successful
2021-12-02 09:41:50,714 - BasePage - INFO - type admin1@tynam.com in inputbox
2021-12-02 09:41:50,720 - BasePage - INFO - find the element successful
2021-12-02 09:41:50,770 - BasePage - INFO - type tynam123 in inputbox
2021-12-02 09:41:50,777 - BasePage - INFO - find the element successful
2021-12-02 09:41:52,945 - BasePage - INFO - find the element successful
2021-12-02 09:41:52,998 - BasePage - INFO - type admin@tynam.com in inputbox
2021-12-02 09:41:53,005 - BasePage - INFO - find the element successful
2021-12-02 09:41:53,055 - BasePage - INFO - type tynam123 in inputbox
2021-12-02 09:41:53,063 - BasePage - INFO - find the element successful
2021-12-02 09:41:53,138 - BasePage - INFO - find the element successful
2021-12-02 09:42:03,991 - BasePage - INFO - find the element successful
2021-12-02 09:42:04,098 - BasePage - INFO - type admin@tynam.com in inputbox
2021-12-02 09:42:04,113 - BasePage - INFO - find the element successful
2021-12-02 09:42:04,179 - BasePage - INFO - type tynam123 in inputbox
2021-12-02 09:42:04,192 - BasePage - INFO - find the element successful
2021-12-02 09:42:04,292 - BasePage - INFO - find the element successful
2021-12-02 09:42:05,405 - BasePage - INFO - find the element successful
2021-12-02 09:42:05,476 - BasePage - INFO - type 1001 in inputbox
2021-12-02 09:42:05,490 - BasePage - INFO - find the element successful
2021-12-02 09:42:05,552 - BasePage - INFO - type lily in inputbox
2021-12-02 09:42:05,567 - BasePage - INFO - find the element successful
2021-12-02 09:42:05,625 - BasePage - INFO - type Female in inputbox
2021-12-02 09:42:05,641 - BasePage - INFO - find the element successful
2021-12-02 09:42:05,709 - BasePage - INFO - type 一年级二班 in inputbox
2021-12-02 09:42:08,740 - BasePage - INFO - find the element successful
2021-12-02 09:43:24,290 - testcase - INFO - 获取测试数据
2021-12-02 09:43:32,905 - BasePage - INFO - find the element successful
2021-12-02 09:43:32,985 - BasePage - INFO - type tynam123 in inputbox
2021-12-02 09:43:33,001 - BasePage - INFO - find the element successful
2021-12-02 09:43:33,060 - BasePage - INFO - find the element successful
2021-12-02 09:43:35,307 - BasePage - INFO - find the element successful
2021-12-02 09:43:35,404 - BasePage - INFO - type ad min@tynam.com in inputbox
2021-12-02 09:43:35,413 - BasePage - INFO - find the element successful
2021-12-02 09:43:35,488 - BasePage - INFO - type tynam123 in inputbox
2021-12-02 09:43:35,498 - BasePage - INFO - find the element successful
2021-12-02 09:43:35,556 - BasePage - INFO - find the element successful
2021-12-02 09:43:37,670 - BasePage - INFO - find the element successful
2021-12-02 09:43:37,772 - BasePage - INFO - type admin@tynam.com in inputbox
2021-12-02 09:43:37,782 - BasePage - INFO - find the element successful
2021-12-02 09:43:37,868 - BasePage - INFO - find the element successful
2021-12-02 09:43:39,980 - BasePage - INFO - find the element successful
2021-12-02 09:43:40,052 - BasePage - INFO - type admin@tynam.com in inputbox
2021-12-02 09:43:40,059 - BasePage - INFO - find the element successful
2021-12-02 09:43:40,113 - BasePage - INFO - type 1 in inputbox
2021-12-02 09:43:40,120 - BasePage - INFO - find the element successful
2021-12-02 09:43:40,171 - BasePage - INFO - find the element successful
2021-12-02 09:43:42,280 - BasePage - INFO - find the element successful
2021-12-02 09:43:42,371 - BasePage - INFO - type admin@tynam.com in inputbox
2021-12-02 09:43:42,380 - BasePage - INFO - find the element successful
2021-12-02 09:43:42,439 - BasePage - INFO - type 111111 in inputbox
2021-12-02 09:43:42,449 - BasePage - INFO - find the element successful
2021-12-02 09:43:44,617 - BasePage - INFO - find the element successful
2021-12-02 09:43:44,710 - BasePage - INFO - type admin1@tynam.com in inputbox
2021-12-02 09:43:44,718 - BasePage - INFO - find the element successful
2021-12-02 09:43:44,787 - BasePage - INFO - type tynam123 in inputbox
2021-12-02 09:43:44,798 - BasePage - INFO - find the element successful
2021-12-02 09:43:46,976 - BasePage - INFO - find the element successful
2021-12-02 09:43:47,058 - BasePage - INFO - type admin@tynam.com in inputbox
2021-12-02 09:43:47,064 - BasePage - INFO - find the element successful
2021-12-02 09:43:47,136 - BasePage - INFO - type tynam123 in inputbox
2021-12-02 09:43:47,145 - BasePage - INFO - find the element successful
2021-12-02 09:43:47,230 - BasePage - INFO - find the element successful
2021-12-02 09:43:58,311 - BasePage - INFO - find the element successful
2021-12-02 09:43:58,385 - BasePage - INFO - type admin@tynam.com in inputbox
2021-12-02 09:43:58,398 - BasePage - INFO - find the element successful
2021-12-02 09:43:58,450 - BasePage - INFO - type tynam123 in inputbox
2021-12-02 09:43:58,461 - BasePage - INFO - find the element successful
2021-12-02 09:43:58,547 - BasePage - INFO - find the element successful
2021-12-02 09:43:59,621 - BasePage - INFO - find the element successful
2021-12-02 09:43:59,680 - BasePage - INFO - type 1001 in inputbox
2021-12-02 09:43:59,693 - BasePage - INFO - find the element successful
2021-12-02 09:43:59,743 - BasePage - INFO - type lily in inputbox
2021-12-02 09:43:59,755 - BasePage - INFO - find the element successful
2021-12-02 09:43:59,804 - BasePage - INFO - type Female in inputbox
2021-12-02 09:43:59,816 - BasePage - INFO - find the element successful
2021-12-02 09:43:59,871 - BasePage - INFO - type 一年级二班 in inputbox
2021-12-02 09:44:02,890 - BasePage - INFO - find the element successful
2021-12-02 09:44:15,328 - sendEmail - ERROR - error；无法发送邮件
2021-12-02 09:52:23,150 - sendEmail - ERROR - error；无法发送邮件
2021-12-02 09:58:51,568 - testcase - INFO - 获取测试数据
2021-12-02 09:59:00,499 - BasePage - INFO - find the element successful
2021-12-02 09:59:00,566 - BasePage - INFO - type tynam123 in inputbox
2021-12-02 09:59:00,581 - BasePage - INFO - find the element successful
2021-12-02 09:59:00,648 - BasePage - INFO - find the element successful
2021-12-02 09:59:02,881 - BasePage - INFO - find the element successful
2021-12-02 09:59:02,951 - BasePage - INFO - type ad min@tynam.com in inputbox
2021-12-02 09:59:02,958 - BasePage - INFO - find the element successful
2021-12-02 09:59:03,009 - BasePage - INFO - type tynam123 in inputbox
2021-12-02 09:59:03,016 - BasePage - INFO - find the element successful
2021-12-02 09:59:03,064 - BasePage - INFO - find the element successful
2021-12-02 09:59:05,183 - BasePage - INFO - find the element successful
2021-12-02 09:59:05,246 - BasePage - INFO - type admin@tynam.com in inputbox
2021-12-02 09:59:05,254 - BasePage - INFO - find the element successful
2021-12-02 09:59:05,305 - BasePage - INFO - find the element successful
2021-12-02 09:59:07,403 - BasePage - INFO - find the element successful
2021-12-02 09:59:07,474 - BasePage - INFO - type admin@tynam.com in inputbox
2021-12-02 09:59:07,481 - BasePage - INFO - find the element successful
2021-12-02 09:59:07,526 - BasePage - INFO - type 1 in inputbox
2021-12-02 09:59:07,532 - BasePage - INFO - find the element successful
2021-12-02 09:59:07,581 - BasePage - INFO - find the element successful
2021-12-02 09:59:09,719 - BasePage - INFO - find the element successful
2021-12-02 09:59:09,779 - BasePage - INFO - type admin@tynam.com in inputbox
2021-12-02 09:59:09,786 - BasePage - INFO - find the element successful
2021-12-02 09:59:09,836 - BasePage - INFO - type 111111 in inputbox
2021-12-02 09:59:09,844 - BasePage - INFO - find the element successful
2021-12-02 09:59:11,996 - BasePage - INFO - find the element successful
2021-12-02 09:59:12,058 - BasePage - INFO - type admin1@tynam.com in inputbox
2021-12-02 09:59:12,066 - BasePage - INFO - find the element successful
2021-12-02 09:59:12,120 - BasePage - INFO - type tynam123 in inputbox
2021-12-02 09:59:12,128 - BasePage - INFO - find the element successful
2021-12-02 09:59:14,310 - BasePage - INFO - find the element successful
2021-12-02 09:59:14,369 - BasePage - INFO - type admin@tynam.com in inputbox
2021-12-02 09:59:14,376 - BasePage - INFO - find the element successful
2021-12-02 09:59:14,423 - BasePage - INFO - type tynam123 in inputbox
2021-12-02 09:59:14,429 - BasePage - INFO - find the element successful
2021-12-02 09:59:14,507 - BasePage - INFO - find the element successful
2021-12-02 09:59:24,729 - BasePage - INFO - find the element successful
2021-12-02 09:59:24,830 - BasePage - INFO - type admin@tynam.com in inputbox
2021-12-02 09:59:24,843 - BasePage - INFO - find the element successful
2021-12-02 09:59:24,903 - BasePage - INFO - type tynam123 in inputbox
2021-12-02 09:59:24,914 - BasePage - INFO - find the element successful
2021-12-02 09:59:24,996 - BasePage - INFO - find the element successful
2021-12-02 09:59:26,087 - BasePage - INFO - find the element successful
2021-12-02 09:59:26,221 - BasePage - INFO - type 1001 in inputbox
2021-12-02 09:59:26,234 - BasePage - INFO - find the element successful
2021-12-02 09:59:26,290 - BasePage - INFO - type lily in inputbox
2021-12-02 09:59:26,307 - BasePage - INFO - find the element successful
2021-12-02 09:59:26,365 - BasePage - INFO - type Female in inputbox
2021-12-02 09:59:26,379 - BasePage - INFO - find the element successful
2021-12-02 09:59:26,452 - BasePage - INFO - type 一年级二班 in inputbox
2021-12-02 09:59:29,468 - BasePage - INFO - find the element successful
2021-12-02 09:59:42,079 - sendEmail - ERROR - error；无法发送邮件
2021-12-02 10:02:17,804 - sendEmail - INFO - 邮件发送成功
2021-12-02 10:04:44,938 - testcase - INFO - 获取测试数据
2021-12-02 10:04:53,492 - BasePage - INFO - find the element successful
2021-12-02 10:04:53,576 - BasePage - INFO - type tynam123 in inputbox
2021-12-02 10:04:53,594 - BasePage - INFO - find the element successful
2021-12-02 10:04:53,652 - BasePage - INFO - find the element successful
2021-12-02 10:04:55,867 - BasePage - INFO - find the element successful
2021-12-02 10:04:55,955 - BasePage - INFO - type ad min@tynam.com in inputbox
2021-12-02 10:04:55,963 - BasePage - INFO - find the element successful
2021-12-02 10:04:56,031 - BasePage - INFO - type tynam123 in inputbox
2021-12-02 10:04:56,038 - BasePage - INFO - find the element successful
2021-12-02 10:04:56,092 - BasePage - INFO - find the element successful
2021-12-02 10:04:58,206 - BasePage - INFO - find the element successful
2021-12-02 10:04:58,286 - BasePage - INFO - type admin@tynam.com in inputbox
2021-12-02 10:04:58,294 - BasePage - INFO - find the element successful
2021-12-02 10:04:58,351 - BasePage - INFO - find the element successful
2021-12-02 10:05:00,456 - BasePage - INFO - find the element successful
2021-12-02 10:05:00,549 - BasePage - INFO - type admin@tynam.com in inputbox
2021-12-02 10:05:00,561 - BasePage - INFO - find the element successful
2021-12-02 10:05:00,618 - BasePage - INFO - type 1 in inputbox
2021-12-02 10:05:00,627 - BasePage - INFO - find the element successful
2021-12-02 10:05:00,684 - BasePage - INFO - find the element successful
2021-12-02 10:05:02,836 - BasePage - INFO - find the element successful
2021-12-02 10:05:02,916 - BasePage - INFO - type admin@tynam.com in inputbox
2021-12-02 10:05:02,923 - BasePage - INFO - find the element successful
2021-12-02 10:05:02,984 - BasePage - INFO - type 111111 in inputbox
2021-12-02 10:05:02,991 - BasePage - INFO - find the element successful
2021-12-02 10:05:05,168 - BasePage - INFO - find the element successful
2021-12-02 10:05:05,247 - BasePage - INFO - type admin1@tynam.com in inputbox
2021-12-02 10:05:05,254 - BasePage - INFO - find the element successful
2021-12-02 10:05:05,322 - BasePage - INFO - type tynam123 in inputbox
2021-12-02 10:05:05,330 - BasePage - INFO - find the element successful
2021-12-02 10:05:07,515 - BasePage - INFO - find the element successful
2021-12-02 10:05:07,604 - BasePage - INFO - type admin@tynam.com in inputbox
2021-12-02 10:05:07,613 - BasePage - INFO - find the element successful
2021-12-02 10:05:07,671 - BasePage - INFO - type tynam123 in inputbox
2021-12-02 10:05:07,680 - BasePage - INFO - find the element successful
2021-12-02 10:05:07,766 - BasePage - INFO - find the element successful
2021-12-02 10:05:20,113 - BasePage - INFO - find the element successful
2021-12-02 10:05:20,257 - BasePage - INFO - type admin@tynam.com in inputbox
2021-12-02 10:05:20,269 - BasePage - INFO - find the element successful
2021-12-02 10:05:20,335 - BasePage - INFO - type tynam123 in inputbox
2021-12-02 10:05:20,347 - BasePage - INFO - find the element successful
2021-12-02 10:05:20,432 - BasePage - INFO - find the element successful
2021-12-02 10:05:21,522 - BasePage - INFO - find the element successful
2021-12-02 10:05:21,594 - BasePage - INFO - type 1001 in inputbox
2021-12-02 10:05:21,607 - BasePage - INFO - find the element successful
2021-12-02 10:05:21,664 - BasePage - INFO - type lily in inputbox
2021-12-02 10:05:21,680 - BasePage - INFO - find the element successful
2021-12-02 10:05:21,741 - BasePage - INFO - type Female in inputbox
2021-12-02 10:05:21,755 - BasePage - INFO - find the element successful
2021-12-02 10:05:21,820 - BasePage - INFO - type 一年级二班 in inputbox
2021-12-02 10:05:24,836 - BasePage - INFO - find the element successful
2021-12-02 10:05:37,887 - sendEmail - INFO - 邮件发送成功
2021-12-02 10:07:44,758 - sendEmail - INFO - 邮件发送成功
2021-12-02 10:10:42,608 - testcase - INFO - 获取测试数据
2021-12-02 10:10:51,291 - BasePage - INFO - find the element successful
2021-12-02 10:10:51,371 - BasePage - INFO - type tynam123 in inputbox
2021-12-02 10:10:51,384 - BasePage - INFO - find the element successful
2021-12-02 10:10:51,445 - BasePage - INFO - find the element successful
2021-12-02 10:10:53,639 - BasePage - INFO - find the element successful
2021-12-02 10:10:53,740 - BasePage - INFO - type ad min@tynam.com in inputbox
2021-12-02 10:10:53,750 - BasePage - INFO - find the element successful
2021-12-02 10:10:53,815 - BasePage - INFO - type tynam123 in inputbox
2021-12-02 10:10:53,822 - BasePage - INFO - find the element successful
2021-12-02 10:10:53,877 - BasePage - INFO - find the element successful
2021-12-02 10:10:55,986 - BasePage - INFO - find the element successful
2021-12-02 10:10:56,070 - BasePage - INFO - type admin@tynam.com in inputbox
2021-12-02 10:10:56,078 - BasePage - INFO - find the element successful
2021-12-02 10:10:56,137 - BasePage - INFO - find the element successful
2021-12-02 10:10:58,242 - BasePage - INFO - find the element successful
2021-12-02 10:10:58,321 - BasePage - INFO - type admin@tynam.com in inputbox
2021-12-02 10:10:58,330 - BasePage - INFO - find the element successful
2021-12-02 10:10:58,383 - BasePage - INFO - type 1 in inputbox
2021-12-02 10:10:58,392 - BasePage - INFO - find the element successful
2021-12-02 10:10:58,448 - BasePage - INFO - find the element successful
2021-12-02 10:11:00,576 - BasePage - INFO - find the element successful
2021-12-02 10:11:00,661 - BasePage - INFO - type admin@tynam.com in inputbox
2021-12-02 10:11:00,668 - BasePage - INFO - find the element successful
2021-12-02 10:11:00,732 - BasePage - INFO - type 111111 in inputbox
2021-12-02 10:11:00,739 - BasePage - INFO - find the element successful
2021-12-02 10:11:02,905 - BasePage - INFO - find the element successful
2021-12-02 10:11:02,987 - BasePage - INFO - type admin1@tynam.com in inputbox
2021-12-02 10:11:02,994 - BasePage - INFO - find the element successful
2021-12-02 10:11:03,058 - BasePage - INFO - type tynam123 in inputbox
2021-12-02 10:11:03,065 - BasePage - INFO - find the element successful
2021-12-02 10:11:05,197 - BasePage - INFO - find the element successful
2021-12-02 10:11:05,275 - BasePage - INFO - type admin@tynam.com in inputbox
2021-12-02 10:11:05,282 - BasePage - INFO - find the element successful
2021-12-02 10:11:05,349 - BasePage - INFO - type tynam123 in inputbox
2021-12-02 10:11:05,356 - BasePage - INFO - find the element successful
2021-12-02 10:11:05,431 - BasePage - INFO - find the element successful
2021-12-02 10:11:15,985 - BasePage - INFO - find the element successful
2021-12-02 10:11:16,078 - BasePage - INFO - type admin@tynam.com in inputbox
2021-12-02 10:11:16,092 - BasePage - INFO - find the element successful
2021-12-02 10:11:16,159 - BasePage - INFO - type tynam123 in inputbox
2021-12-02 10:11:16,172 - BasePage - INFO - find the element successful
2021-12-02 10:11:16,260 - BasePage - INFO - find the element successful
2021-12-02 10:11:17,373 - BasePage - INFO - find the element successful
2021-12-02 10:11:17,548 - BasePage - INFO - type 1001 in inputbox
2021-12-02 10:11:17,561 - BasePage - INFO - find the element successful
2021-12-02 10:11:17,619 - BasePage - INFO - type lily in inputbox
2021-12-02 10:11:17,632 - BasePage - INFO - find the element successful
2021-12-02 10:11:17,694 - BasePage - INFO - type Female in inputbox
2021-12-02 10:11:17,714 - BasePage - INFO - find the element successful
2021-12-02 10:11:17,780 - BasePage - INFO - type 一年级二班 in inputbox
2021-12-02 10:11:20,815 - BasePage - INFO - find the element successful
2021-12-02 10:11:33,903 - sendEmail - INFO - 邮件发送成功
2021-12-02 10:27:03,710 - sendEmail - INFO - 邮件发送成功
2021-12-02 10:27:57,993 - testcase - INFO - 获取测试数据
2021-12-02 10:28:06,437 - BasePage - INFO - find the element successful
2021-12-02 10:28:06,508 - BasePage - INFO - type tynam123 in inputbox
2021-12-02 10:28:06,519 - BasePage - INFO - find the element successful
2021-12-02 10:28:06,573 - BasePage - INFO - find the element successful
2021-12-02 10:28:08,801 - BasePage - INFO - find the element successful
2021-12-02 10:28:08,906 - BasePage - INFO - type ad min@tynam.com in inputbox
2021-12-02 10:28:08,917 - BasePage - INFO - find the element successful
2021-12-02 10:28:08,990 - BasePage - INFO - type tynam123 in inputbox
2021-12-02 10:28:08,998 - BasePage - INFO - find the element successful
2021-12-02 10:28:09,052 - BasePage - INFO - find the element successful
2021-12-02 10:28:11,164 - BasePage - INFO - find the element successful
2021-12-02 10:28:11,251 - BasePage - INFO - type admin@tynam.com in inputbox
2021-12-02 10:28:11,259 - BasePage - INFO - find the element successful
2021-12-02 10:28:11,319 - BasePage - INFO - find the element successful
2021-12-02 10:28:13,420 - BasePage - INFO - find the element successful
2021-12-02 10:28:13,501 - BasePage - INFO - type admin@tynam.com in inputbox
2021-12-02 10:28:13,507 - BasePage - INFO - find the element successful
2021-12-02 10:28:13,558 - BasePage - INFO - type 1 in inputbox
2021-12-02 10:28:13,566 - BasePage - INFO - find the element successful
2021-12-02 10:28:13,615 - BasePage - INFO - find the element successful
2021-12-02 10:28:15,748 - BasePage - INFO - find the element successful
2021-12-02 10:28:15,834 - BasePage - INFO - type admin@tynam.com in inputbox
2021-12-02 10:28:15,841 - BasePage - INFO - find the element successful
2021-12-02 10:28:15,903 - BasePage - INFO - type 111111 in inputbox
2021-12-02 10:28:15,910 - BasePage - INFO - find the element successful
2021-12-02 10:28:18,079 - BasePage - INFO - find the element successful
2021-12-02 10:28:18,163 - BasePage - INFO - type admin1@tynam.com in inputbox
2021-12-02 10:28:18,170 - BasePage - INFO - find the element successful
2021-12-02 10:28:18,236 - BasePage - INFO - type tynam123 in inputbox
2021-12-02 10:28:18,244 - BasePage - INFO - find the element successful
2021-12-02 10:28:20,439 - BasePage - INFO - find the element successful
2021-12-02 10:28:20,515 - BasePage - INFO - type admin@tynam.com in inputbox
2021-12-02 10:28:20,522 - BasePage - INFO - find the element successful
2021-12-02 10:28:20,587 - BasePage - INFO - type tynam123 in inputbox
2021-12-02 10:28:20,594 - BasePage - INFO - find the element successful
2021-12-02 10:28:20,667 - BasePage - INFO - find the element successful
2021-12-02 10:28:31,488 - BasePage - INFO - find the element successful
2021-12-02 10:28:31,584 - BasePage - INFO - type admin@tynam.com in inputbox
2021-12-02 10:28:31,596 - BasePage - INFO - find the element successful
2021-12-02 10:28:31,660 - BasePage - INFO - type tynam123 in inputbox
2021-12-02 10:28:31,671 - BasePage - INFO - find the element successful
2021-12-02 10:28:31,750 - BasePage - INFO - find the element successful
2021-12-02 10:28:32,842 - BasePage - INFO - find the element successful
2021-12-02 10:28:32,997 - BasePage - INFO - type 1001 in inputbox
2021-12-02 10:28:33,013 - BasePage - INFO - find the element successful
2021-12-02 10:28:33,071 - BasePage - INFO - type lily in inputbox
2021-12-02 10:28:33,084 - BasePage - INFO - find the element successful
2021-12-02 10:28:33,140 - BasePage - INFO - type Female in inputbox
2021-12-02 10:28:33,153 - BasePage - INFO - find the element successful
2021-12-02 10:28:33,216 - BasePage - INFO - type 一年级二班 in inputbox
2021-12-02 10:28:36,229 - BasePage - INFO - find the element successful
2021-12-02 10:28:49,196 - sendEmail - INFO - 邮件发送成功
2021-12-02 10:31:15,491 - sendEmail - INFO - 邮件发送成功
2021-12-02 11:00:56,872 - sendEmail - INFO - 邮件发送成功
2021-12-02 12:15:52,230 - sendEmail - INFO - 邮件发送成功
2021-12-02 14:30:55,872 - sendEmail - ERROR - error；无法发送邮件
2021-12-02 14:32:03,191 - sendEmail - ERROR - error；无法发送邮件
2021-12-02 14:32:42,329 - sendEmail - ERROR - error；无法发送邮件
2021-12-02 16:03:13,431 - sendEmail - INFO - 邮件发送成功
2021-12-02 16:04:26,713 - sendEmail - INFO - 邮件发送成功
2021-12-02 16:08:17,256 - sendEmail - INFO - 邮件发送成功
2021-12-02 16:12:03,402 - sendEmail - INFO - 邮件发送成功
2021-12-02 16:14:18,835 - sendEmail - INFO - 邮件发送成功
2021-12-02 16:15:20,382 - sendEmail - INFO - 邮件发送成功
2021-12-02 16:29:03,381 - sendEmail - INFO - 邮件发送成功
2021-12-02 16:29:56,880 - sendEmail - INFO - 邮件发送成功
2021-12-02 16:30:46,594 - testcase - INFO - 获取测试数据
2021-12-02 16:30:56,260 - BasePage - INFO - find the element successful
2021-12-02 16:30:56,408 - BasePage - INFO - type tynam123 in inputbox
2021-12-02 16:30:56,419 - BasePage - INFO - find the element successful
2021-12-02 16:30:56,478 - BasePage - INFO - find the element successful
2021-12-02 16:30:58,715 - BasePage - INFO - find the element successful
2021-12-02 16:30:58,800 - BasePage - INFO - type ad min@tynam.com in inputbox
2021-12-02 16:30:58,809 - BasePage - INFO - find the element successful
2021-12-02 16:30:58,870 - BasePage - INFO - type tynam123 in inputbox
2021-12-02 16:30:58,878 - BasePage - INFO - find the element successful
2021-12-02 16:30:58,929 - BasePage - INFO - find the element successful
2021-12-02 16:31:01,053 - BasePage - INFO - find the element successful
2021-12-02 16:31:01,146 - BasePage - INFO - type admin@tynam.com in inputbox
2021-12-02 16:31:01,154 - BasePage - INFO - find the element successful
2021-12-02 16:31:01,211 - BasePage - INFO - find the element successful
2021-12-02 16:31:03,313 - BasePage - INFO - find the element successful
2021-12-02 16:31:03,402 - BasePage - INFO - type admin@tynam.com in inputbox
2021-12-02 16:31:03,412 - BasePage - INFO - find the element successful
2021-12-02 16:31:03,472 - BasePage - INFO - type 1 in inputbox
2021-12-02 16:31:03,481 - BasePage - INFO - find the element successful
2021-12-02 16:31:03,545 - BasePage - INFO - find the element successful
2021-12-02 16:31:05,649 - BasePage - INFO - find the element successful
2021-12-02 16:31:05,731 - BasePage - INFO - type admin@tynam.com in inputbox
2021-12-02 16:31:05,740 - BasePage - INFO - find the element successful
2021-12-02 16:31:05,804 - BasePage - INFO - type 111111 in inputbox
2021-12-02 16:31:05,812 - BasePage - INFO - find the element successful
2021-12-02 16:31:08,059 - BasePage - INFO - find the element successful
2021-12-02 16:31:08,158 - BasePage - INFO - type admin1@tynam.com in inputbox
2021-12-02 16:31:08,165 - BasePage - INFO - find the element successful
2021-12-02 16:31:08,215 - BasePage - INFO - type tynam123 in inputbox
2021-12-02 16:31:08,223 - BasePage - INFO - find the element successful
2021-12-02 16:31:10,410 - BasePage - INFO - find the element successful
2021-12-02 16:31:10,501 - BasePage - INFO - type admin@tynam.com in inputbox
2021-12-02 16:31:10,508 - BasePage - INFO - find the element successful
2021-12-02 16:31:10,571 - BasePage - INFO - type tynam123 in inputbox
2021-12-02 16:31:10,579 - BasePage - INFO - find the element successful
2021-12-02 16:31:10,666 - BasePage - INFO - find the element successful
2021-12-02 16:31:20,980 - BasePage - INFO - find the element successful
2021-12-02 16:31:21,124 - BasePage - INFO - type admin@tynam.com in inputbox
2021-12-02 16:31:21,137 - BasePage - INFO - find the element successful
2021-12-02 16:31:21,207 - BasePage - INFO - type tynam123 in inputbox
2021-12-02 16:31:21,220 - BasePage - INFO - find the element successful
2021-12-02 16:31:21,299 - BasePage - INFO - find the element successful
2021-12-02 16:31:22,396 - BasePage - INFO - find the element successful
2021-12-02 16:31:22,539 - BasePage - INFO - type 1001 in inputbox
2021-12-02 16:31:22,552 - BasePage - INFO - find the element successful
2021-12-02 16:31:22,609 - BasePage - INFO - type lily in inputbox
2021-12-02 16:31:22,622 - BasePage - INFO - find the element successful
2021-12-02 16:31:22,679 - BasePage - INFO - type Female in inputbox
2021-12-02 16:31:22,695 - BasePage - INFO - find the element successful
2021-12-02 16:31:22,789 - BasePage - INFO - type 一年级二班 in inputbox
2021-12-02 16:31:25,814 - BasePage - INFO - find the element successful
2021-12-02 16:32:34,894 - testcase - INFO - 获取测试数据
2021-12-02 16:32:43,594 - BasePage - INFO - find the element successful
2021-12-02 16:32:43,681 - BasePage - INFO - type tynam123 in inputbox
2021-12-02 16:32:43,699 - BasePage - INFO - find the element successful
2021-12-02 16:32:43,759 - BasePage - INFO - find the element successful
2021-12-02 16:32:45,994 - BasePage - INFO - find the element successful
2021-12-02 16:32:46,082 - BasePage - INFO - type ad min@tynam.com in inputbox
2021-12-02 16:32:46,091 - BasePage - INFO - find the element successful
2021-12-02 16:32:46,158 - BasePage - INFO - type tynam123 in inputbox
2021-12-02 16:32:46,166 - BasePage - INFO - find the element successful
2021-12-02 16:32:46,218 - BasePage - INFO - find the element successful
2021-12-02 16:32:48,324 - BasePage - INFO - find the element successful
2021-12-02 16:32:48,413 - BasePage - INFO - type admin@tynam.com in inputbox
2021-12-02 16:32:48,423 - BasePage - INFO - find the element successful
2021-12-02 16:32:48,494 - BasePage - INFO - find the element successful
2021-12-02 16:32:50,596 - BasePage - INFO - find the element successful
2021-12-02 16:32:50,690 - BasePage - INFO - type admin@tynam.com in inputbox
2021-12-02 16:32:50,700 - BasePage - INFO - find the element successful
2021-12-02 16:32:50,747 - BasePage - INFO - type 1 in inputbox
2021-12-02 16:32:50,757 - BasePage - INFO - find the element successful
2021-12-02 16:32:50,812 - BasePage - INFO - find the element successful
2021-12-02 16:32:52,934 - BasePage - INFO - find the element successful
2021-12-02 16:32:53,020 - BasePage - INFO - type admin@tynam.com in inputbox
2021-12-02 16:32:53,029 - BasePage - INFO - find the element successful
2021-12-02 16:32:53,091 - BasePage - INFO - type 111111 in inputbox
2021-12-02 16:32:53,099 - BasePage - INFO - find the element successful
2021-12-02 16:32:55,247 - BasePage - INFO - find the element successful
2021-12-02 16:32:55,329 - BasePage - INFO - type admin1@tynam.com in inputbox
2021-12-02 16:32:55,338 - BasePage - INFO - find the element successful
2021-12-02 16:32:55,406 - BasePage - INFO - type tynam123 in inputbox
2021-12-02 16:32:55,413 - BasePage - INFO - find the element successful
2021-12-02 16:32:57,611 - BasePage - INFO - find the element successful
2021-12-02 16:32:57,692 - BasePage - INFO - type admin@tynam.com in inputbox
2021-12-02 16:32:57,700 - BasePage - INFO - find the element successful
2021-12-02 16:32:57,765 - BasePage - INFO - type tynam123 in inputbox
2021-12-02 16:32:57,772 - BasePage - INFO - find the element successful
2021-12-02 16:32:57,847 - BasePage - INFO - find the element successful
2021-12-02 16:33:08,598 - BasePage - INFO - find the element successful
2021-12-02 16:33:08,714 - BasePage - INFO - type admin@tynam.com in inputbox
2021-12-02 16:33:08,730 - BasePage - INFO - find the element successful
2021-12-02 16:33:08,798 - BasePage - INFO - type tynam123 in inputbox
2021-12-02 16:33:08,811 - BasePage - INFO - find the element successful
2021-12-02 16:33:08,897 - BasePage - INFO - find the element successful
2021-12-02 16:33:09,982 - BasePage - INFO - find the element successful
2021-12-02 16:33:10,143 - BasePage - INFO - type 1001 in inputbox
2021-12-02 16:33:10,155 - BasePage - INFO - find the element successful
2021-12-02 16:33:10,212 - BasePage - INFO - type lily in inputbox
2021-12-02 16:33:10,227 - BasePage - INFO - find the element successful
2021-12-02 16:33:10,282 - BasePage - INFO - type Female in inputbox
2021-12-02 16:33:10,302 - BasePage - INFO - find the element successful
2021-12-02 16:33:10,376 - BasePage - INFO - type 一年级二班 in inputbox
2021-12-02 16:33:13,394 - BasePage - INFO - find the element successful
2021-12-02 16:35:31,880 - testcase - INFO - 获取测试数据
2021-12-02 16:35:40,092 - BasePage - INFO - find the element successful
2021-12-02 16:35:40,165 - BasePage - INFO - type tynam123 in inputbox
2021-12-02 16:35:40,178 - BasePage - INFO - find the element successful
2021-12-02 16:35:40,244 - BasePage - INFO - find the element successful
2021-12-02 16:35:42,477 - BasePage - INFO - find the element successful
2021-12-02 16:35:42,612 - BasePage - INFO - type ad min@tynam.com in inputbox
2021-12-02 16:35:42,623 - BasePage - INFO - find the element successful
2021-12-02 16:35:42,703 - BasePage - INFO - type tynam123 in inputbox
2021-12-02 16:35:42,717 - BasePage - INFO - find the element successful
2021-12-02 16:35:42,793 - BasePage - INFO - find the element successful
2021-12-02 16:35:44,911 - BasePage - INFO - find the element successful
2021-12-02 16:35:44,990 - BasePage - INFO - type admin@tynam.com in inputbox
2021-12-02 16:35:45,000 - BasePage - INFO - find the element successful
2021-12-02 16:35:45,056 - BasePage - INFO - find the element successful
2021-12-02 16:35:47,175 - BasePage - INFO - find the element successful
2021-12-02 16:35:47,243 - BasePage - INFO - type admin@tynam.com in inputbox
2021-12-02 16:35:47,250 - BasePage - INFO - find the element successful
2021-12-02 16:35:47,294 - BasePage - INFO - type 1 in inputbox
2021-12-02 16:35:47,302 - BasePage - INFO - find the element successful
2021-12-02 16:35:47,356 - BasePage - INFO - find the element successful
2021-12-02 16:35:49,460 - BasePage - INFO - find the element successful
2021-12-02 16:35:49,529 - BasePage - INFO - type admin@tynam.com in inputbox
2021-12-02 16:35:49,536 - BasePage - INFO - find the element successful
2021-12-02 16:35:49,588 - BasePage - INFO - type 111111 in inputbox
2021-12-02 16:35:49,595 - BasePage - INFO - find the element successful
2021-12-02 16:35:51,755 - BasePage - INFO - find the element successful
2021-12-02 16:35:51,823 - BasePage - INFO - type admin1@tynam.com in inputbox
2021-12-02 16:35:51,831 - BasePage - INFO - find the element successful
2021-12-02 16:35:51,880 - BasePage - INFO - type tynam123 in inputbox
2021-12-02 16:35:51,888 - BasePage - INFO - find the element successful
2021-12-02 16:35:54,058 - BasePage - INFO - find the element successful
2021-12-02 16:35:54,129 - BasePage - INFO - type admin@tynam.com in inputbox
2021-12-02 16:35:54,136 - BasePage - INFO - find the element successful
2021-12-02 16:35:54,194 - BasePage - INFO - type tynam123 in inputbox
2021-12-02 16:35:54,202 - BasePage - INFO - find the element successful
2021-12-02 16:35:54,278 - BasePage - INFO - find the element successful
2021-12-02 16:36:04,909 - BasePage - INFO - find the element successful
2021-12-02 16:36:05,040 - BasePage - INFO - type admin@tynam.com in inputbox
2021-12-02 16:36:05,055 - BasePage - INFO - find the element successful
2021-12-02 16:36:05,128 - BasePage - INFO - type tynam123 in inputbox
2021-12-02 16:36:05,143 - BasePage - INFO - find the element successful
2021-12-02 16:36:05,237 - BasePage - INFO - find the element successful
2021-12-02 16:36:06,322 - BasePage - INFO - find the element successful
2021-12-02 16:36:06,398 - BasePage - INFO - type 1001 in inputbox
2021-12-02 16:36:06,417 - BasePage - INFO - find the element successful
2021-12-02 16:36:06,477 - BasePage - INFO - type lily in inputbox
2021-12-02 16:36:06,499 - BasePage - INFO - find the element successful
2021-12-02 16:36:06,621 - BasePage - INFO - type Female in inputbox
2021-12-02 16:36:06,641 - BasePage - INFO - find the element successful
2021-12-02 16:36:06,697 - BasePage - INFO - type 一年级二班 in inputbox
2021-12-02 16:36:09,714 - BasePage - INFO - find the element successful
2021-12-02 16:36:16,900 - sendEmail - INFO - 邮件发送成功
